<?xml version="1.0" encoding="UTF-8"?>
<!-- Generated by org.testng.reporters.JUnitReportReporter -->
<testsuite skipped="0" hostname="Manish-PC" name="utilidex.testcases.LoginPageTest" tests="2" failures="0" timestamp="2022-09-20T10:44:09 IST" time="1.070" errors="0">
  <testcase name="loginPageElementVerification" time="0.088" classname="utilidex.testcases.LoginPageTest"/>
  <system-out/>
  <testcase name="loginFunctionality" time="0.982" classname="utilidex.testcases.LoginPageTest"/>
  <system-out/>
</testsuite> <!-- utilidex.testcases.LoginPageTest -->
